[     243ms] [VERBOSE] [DOM] Input elements should have autocomplete attributes (suggested: "current-password"): (More info: https://goo.gl/9p2vKq) @ http://localhost:3100/login:0
[     249ms] [INFO] %cDownload the React DevTools for a better development experience: https://react.dev/link/react-devtools font-weight:bold @ http://localhost:3100/_next/static/chunks/node_modules_next_dist_1ybzpk2._.js:2477
[     265ms] [LOG] [HMR] connected @ http://localhost:3100/_next/static/chunks/node_modules_next_dist_1ybzpk2._.js:2477
[     380ms] [LOG] [Fast Refresh] rebuilding @ http://localhost:3100/_next/static/chunks/node_modules_next_dist_1ybzpk2._.js:2477
[     432ms] [LOG] [Fast Refresh] done in 153ms @ http://localhost:3100/_next/static/chunks/node_modules_next_dist_1ybzpk2._.js:2477
[   12453ms] [VERBOSE] [DOM] Input elements should have autocomplete attributes (suggested: "current-password"): (More info: https://goo.gl/9p2vKq) @ http://localhost:3100/login:0
[   12456ms] [INFO] %cDownload the React DevTools for a better development experience: https://react.dev/link/react-devtools font-weight:bold @ http://localhost:3100/_next/static/chunks/node_modules_next_dist_1ybzpk2._.js:2477
[   12472ms] [LOG] [HMR] connected @ http://localhost:3100/_next/static/chunks/node_modules_next_dist_1ybzpk2._.js:2477
[   24919ms] [LOG] [Fast Refresh] rebuilding @ http://localhost:3100/_next/static/chunks/node_modules_next_dist_1ybzpk2._.js:2477
[   24938ms] [LOG] [Fast Refresh] done in 120ms @ http://localhost:3100/_next/static/chunks/node_modules_next_dist_1ybzpk2._.js:2477
[   25060ms] [LOG] [Fast Refresh] rebuilding @ http://localhost:3100/_next/static/chunks/node_modules_next_dist_1ybzpk2._.js:2477
[   25080ms] [LOG] [Fast Refresh] done in 121ms @ http://localhost:3100/_next/static/chunks/node_modules_next_dist_1ybzpk2._.js:2477
[   40927ms] [LOG] [Fast Refresh] rebuilding @ http://localhost:3100/_next/static/chunks/node_modules_next_dist_1ybzpk2._.js:2477
[   40975ms] [LOG] [Fast Refresh] done in 150ms @ http://localhost:3100/_next/static/chunks/node_modules_next_dist_1ybzpk2._.js:2477
[   41366ms] [LOG] [Fast Refresh] rebuilding @ http://localhost:3100/_next/static/chunks/node_modules_next_dist_1ybzpk2._.js:2477
[   41408ms] [LOG] [Fast Refresh] done in 143ms @ http://localhost:3100/_next/static/chunks/node_modules_next_dist_1ybzpk2._.js:2477
[   41766ms] [LOG] [Fast Refresh] rebuilding @ http://localhost:3100/_next/static/chunks/node_modules_next_dist_1ybzpk2._.js:2477
[   41852ms] [LOG] [Fast Refresh] done in 188ms @ http://localhost:3100/_next/static/chunks/node_modules_next_dist_1ybzpk2._.js:2477
[   42132ms] [LOG] [Fast Refresh] rebuilding @ http://localhost:3100/_next/static/chunks/node_modules_next_dist_1ybzpk2._.js:2477
[   42150ms] [LOG] [Fast Refresh] done in 120ms @ http://localhost:3100/_next/static/chunks/node_modules_next_dist_1ybzpk2._.js:2477
[   42457ms] [LOG] [Fast Refresh] rebuilding @ http://localhost:3100/_next/static/chunks/node_modules_next_dist_1ybzpk2._.js:2477
[   44656ms] [LOG] [Fast Refresh] done in 2300ms @ http://localhost:3100/_next/static/chunks/node_modules_next_dist_1ybzpk2._.js:2477
[   45114ms] [LOG] [Fast Refresh] rebuilding @ http://localhost:3100/_next/static/chunks/node_modules_next_dist_1ybzpk2._.js:2477
[   45395ms] [LOG] [Fast Refresh] done in 382ms @ http://localhost:3100/_next/static/chunks/node_modules_next_dist_1ybzpk2._.js:2477
[   48451ms] [WARNING] The resource http://localhost:3100/_next/static/chunks/%5Broot-of-the-server%5D__146d930._.css was preloaded using link preload but not used within a few seconds from the window's load event. Please make sure it has an appropriate `as` value and it is preloaded intentionally. @ http://localhost:3100/dashboard:0
[   66432ms] [LOG] [Fast Refresh] rebuilding @ http://localhost:3100/_next/static/chunks/node_modules_next_dist_1ybzpk2._.js:2477
[   67276ms] [LOG] [Fast Refresh] done in 945ms @ http://localhost:3100/_next/static/chunks/node_modules_next_dist_1ybzpk2._.js:2477
[   68206ms] [LOG] [Fast Refresh] rebuilding @ http://localhost:3100/_next/static/chunks/node_modules_next_dist_1ybzpk2._.js:2477
[   68702ms] [LOG] [Fast Refresh] done in 597ms @ http://localhost:3100/_next/static/chunks/node_modules_next_dist_1ybzpk2._.js:2477
[   69460ms] [LOG] [Fast Refresh] rebuilding @ http://localhost:3100/_next/static/chunks/node_modules_next_dist_1ybzpk2._.js:2477
[   69880ms] [LOG] [Fast Refresh] done in 520ms @ http://localhost:3100/_next/static/chunks/node_modules_next_dist_1ybzpk2._.js:2477
[   70610ms] [LOG] [Fast Refresh] rebuilding @ http://localhost:3100/_next/static/chunks/node_modules_next_dist_1ybzpk2._.js:2477
[   71165ms] [LOG] [Fast Refresh] done in 655ms @ http://localhost:3100/_next/static/chunks/node_modules_next_dist_1ybzpk2._.js:2477
[   72030ms] [LOG] [Fast Refresh] rebuilding @ http://localhost:3100/_next/static/chunks/node_modules_next_dist_1ybzpk2._.js:2477
[   72374ms] [LOG] [Fast Refresh] done in 445ms @ http://localhost:3100/_next/static/chunks/node_modules_next_dist_1ybzpk2._.js:2477
[   75882ms] [WARNING] The resource http://localhost:3100/_next/static/chunks/%5Broot-of-the-server%5D__146d930._.css was preloaded using link preload but not used within a few seconds from the window's load event. Please make sure it has an appropriate `as` value and it is preloaded intentionally. @ http://localhost:3100/dashboard:0
