[     275ms] [INFO] %cDownload the React DevTools for a better development experience: https://react.dev/link/react-devtools font-weight:bold @ http://localhost:3100/_next/static/chunks/node_modules_next_dist_1ybzpk2._.js:2477
[     303ms] [LOG] [HMR] connected @ http://localhost:3100/_next/static/chunks/node_modules_next_dist_1ybzpk2._.js:2477
[   76176ms] [LOG] [Fast Refresh] rebuilding @ http://localhost:3100/_next/static/chunks/node_modules_next_dist_1ybzpk2._.js:2477
[   76190ms] [LOG] [Fast Refresh] done in 115ms @ http://localhost:3100/_next/static/chunks/node_modules_next_dist_1ybzpk2._.js:2477
[   94898ms] [LOG] [Fast Refresh] rebuilding @ http://localhost:3100/_next/static/chunks/node_modules_next_dist_1ybzpk2._.js:2477
[   95372ms] [LOG] [Fast Refresh] done in 575ms @ http://localhost:3100/_next/static/chunks/node_modules_next_dist_1ybzpk2._.js:2477
[  112984ms] [LOG] [Fast Refresh] rebuilding @ http://localhost:3100/_next/static/chunks/node_modules_next_dist_1ybzpk2._.js:2477
[  113014ms] [LOG] [Fast Refresh] done in 61ms @ http://localhost:3100/_next/static/chunks/node_modules_next_dist_1ybzpk2._.js:2477
[  137715ms] [LOG] [Fast Refresh] rebuilding @ http://localhost:3100/_next/static/chunks/node_modules_next_dist_1ybzpk2._.js:2477
[  137732ms] [LOG] [Fast Refresh] done in 43ms @ http://localhost:3100/_next/static/chunks/node_modules_next_dist_1ybzpk2._.js:2477
[  154389ms] [LOG] [Fast Refresh] rebuilding @ http://localhost:3100/_next/static/chunks/node_modules_next_dist_1ybzpk2._.js:2477
[  154416ms] [LOG] [Fast Refresh] done in 32ms @ http://localhost:3100/_next/static/chunks/node_modules_next_dist_1ybzpk2._.js:2477
[  178882ms] [LOG] [Fast Refresh] rebuilding @ http://localhost:3100/_next/static/chunks/node_modules_next_dist_1ybzpk2._.js:2477
[  179108ms] [LOG] [Fast Refresh] done in 139ms @ http://localhost:3100/_next/static/chunks/node_modules_next_dist_1ybzpk2._.js:2477
[  194519ms] [LOG] [Fast Refresh] rebuilding @ http://localhost:3100/_next/static/chunks/node_modules_next_dist_1ybzpk2._.js:2477
[  194527ms] [LOG] [Fast Refresh] done in 108ms @ http://localhost:3100/_next/static/chunks/node_modules_next_dist_1ybzpk2._.js:2477
[  198382ms] [LOG] [Fast Refresh] rebuilding @ http://localhost:3100/_next/static/chunks/node_modules_next_dist_1ybzpk2._.js:2477
[  198670ms] [LOG] [Fast Refresh] done in 389ms @ http://localhost:3100/_next/static/chunks/node_modules_next_dist_1ybzpk2._.js:2477
[  204122ms] [LOG] [Fast Refresh] rebuilding @ http://localhost:3100/_next/static/chunks/node_modules_next_dist_1ybzpk2._.js:2477
[  204362ms] [LOG] [Fast Refresh] done in 340ms @ http://localhost:3100/_next/static/chunks/node_modules_next_dist_1ybzpk2._.js:2477
[  205527ms] [LOG] [Fast Refresh] rebuilding @ http://localhost:3100/_next/static/chunks/node_modules_next_dist_1ybzpk2._.js:2477
[  205717ms] [LOG] [Fast Refresh] done in 291ms @ http://localhost:3100/_next/static/chunks/node_modules_next_dist_1ybzpk2._.js:2477
[  206788ms] [LOG] [Fast Refresh] rebuilding @ http://localhost:3100/_next/static/chunks/node_modules_next_dist_1ybzpk2._.js:2477
[  206964ms] [LOG] [Fast Refresh] done in 277ms @ http://localhost:3100/_next/static/chunks/node_modules_next_dist_1ybzpk2._.js:2477
[  207609ms] [LOG] [Fast Refresh] rebuilding @ http://localhost:3100/_next/static/chunks/node_modules_next_dist_1ybzpk2._.js:2477
[  207798ms] [LOG] [Fast Refresh] done in 290ms @ http://localhost:3100/_next/static/chunks/node_modules_next_dist_1ybzpk2._.js:2477
[  208636ms] [LOG] [Fast Refresh] rebuilding @ http://localhost:3100/_next/static/chunks/node_modules_next_dist_1ybzpk2._.js:2477
[  208814ms] [LOG] [Fast Refresh] done in 278ms @ http://localhost:3100/_next/static/chunks/node_modules_next_dist_1ybzpk2._.js:2477
[  248724ms] [LOG] [Fast Refresh] rebuilding @ http://localhost:3100/_next/static/chunks/node_modules_next_dist_1ybzpk2._.js:2477
[  249246ms] [LOG] [Fast Refresh] done in 622ms @ http://localhost:3100/_next/static/chunks/node_modules_next_dist_1ybzpk2._.js:2477
[  254689ms] [LOG] [Fast Refresh] rebuilding @ http://localhost:3100/_next/static/chunks/node_modules_next_dist_1ybzpk2._.js:2477
[  254839ms] [LOG] [Fast Refresh] done in 94ms @ http://localhost:3100/_next/static/chunks/node_modules_next_dist_1ybzpk2._.js:2477
[  266265ms] [LOG] [Fast Refresh] rebuilding @ http://localhost:3100/_next/static/chunks/node_modules_next_dist_1ybzpk2._.js:2477
[  266787ms] [LOG] [Fast Refresh] done in 606ms @ http://localhost:3100/_next/static/chunks/node_modules_next_dist_1ybzpk2._.js:2477
[  836676ms] [VERBOSE] [DOM] Input elements should have autocomplete attributes (suggested: "current-password"): (More info: https://goo.gl/9p2vKq) @ http://localhost:3100/login?callbackUrl=http%3A%2F%2Flocalhost%3A3100%2Forders:0
[  836700ms] [INFO] %cDownload the React DevTools for a better development experience: https://react.dev/link/react-devtools font-weight:bold @ http://localhost:3100/_next/static/chunks/node_modules_next_dist_1ybzpk2._.js:2477
[  836729ms] [LOG] [HMR] connected @ http://localhost:3100/_next/static/chunks/node_modules_next_dist_1ybzpk2._.js:2477
[  836847ms] [LOG] [Fast Refresh] rebuilding @ http://localhost:3100/_next/static/chunks/node_modules_next_dist_1ybzpk2._.js:2477
[  837176ms] [LOG] [Fast Refresh] done in 430ms @ http://localhost:3100/_next/static/chunks/node_modules_next_dist_1ybzpk2._.js:2477
[  839384ms] [LOG] [Fast Refresh] rebuilding @ http://localhost:3100/_next/static/chunks/node_modules_next_dist_1ybzpk2._.js:2477
[  839616ms] [LOG] [Fast Refresh] done in 334ms @ http://localhost:3100/_next/static/chunks/node_modules_next_dist_1ybzpk2._.js:2477
[  839739ms] [LOG] [Fast Refresh] rebuilding @ http://localhost:3100/_next/static/chunks/node_modules_next_dist_1ybzpk2._.js:2477
[  839951ms] [LOG] [Fast Refresh] done in 317ms @ http://localhost:3100/_next/static/chunks/node_modules_next_dist_1ybzpk2._.js:2477
[  841652ms] [LOG] [Fast Refresh] rebuilding @ http://localhost:3100/_next/static/chunks/node_modules_next_dist_1ybzpk2._.js:2477
[  841679ms] [LOG] [Fast Refresh] done in 128ms @ http://localhost:3100/_next/static/chunks/node_modules_next_dist_1ybzpk2._.js:2477
[  854203ms] [LOG] [Fast Refresh] rebuilding @ http://localhost:3100/_next/static/chunks/node_modules_next_dist_1ybzpk2._.js:2477
[  855633ms] [LOG] [Fast Refresh] done in 1532ms @ http://localhost:3100/_next/static/chunks/node_modules_next_dist_1ybzpk2._.js:2477
[  868246ms] [LOG] [Fast Refresh] rebuilding @ http://localhost:3100/_next/static/chunks/node_modules_next_dist_1ybzpk2._.js:2477
[  868257ms] [LOG] [Fast Refresh] done in 112ms @ http://localhost:3100/_next/static/chunks/node_modules_next_dist_1ybzpk2._.js:2477
[ 1048463ms] [LOG] [Fast Refresh] rebuilding @ http://localhost:3100/_next/static/chunks/node_modules_next_dist_1ybzpk2._.js:2477
[ 1048469ms] [LOG] [Fast Refresh] done in 108ms @ http://localhost:3100/_next/static/chunks/node_modules_next_dist_1ybzpk2._.js:2477
[ 1104480ms] [LOG] [Fast Refresh] rebuilding @ http://localhost:3100/_next/static/chunks/node_modules_next_dist_1ybzpk2._.js:2477
[ 1104593ms] [LOG] [Fast Refresh] done in 171ms @ http://localhost:3100/_next/static/chunks/node_modules_next_dist_1ybzpk2._.js:2477
[ 1191146ms] [LOG] [Fast Refresh] rebuilding @ http://localhost:3100/_next/static/chunks/node_modules_next_dist_1ybzpk2._.js:2477
[ 1191252ms] [LOG] [Fast Refresh] done in 160ms @ http://localhost:3100/_next/static/chunks/node_modules_next_dist_1ybzpk2._.js:2477
[ 1210155ms] [LOG] [Fast Refresh] rebuilding @ http://localhost:3100/_next/static/chunks/node_modules_next_dist_1ybzpk2._.js:2477
[ 1210190ms] [LOG] [Fast Refresh] done in 82ms @ http://localhost:3100/_next/static/chunks/node_modules_next_dist_1ybzpk2._.js:2477
[ 1226299ms] [LOG] [Fast Refresh] rebuilding @ http://localhost:3100/_next/static/chunks/node_modules_next_dist_1ybzpk2._.js:2477
[ 1226532ms] [LOG] [Fast Refresh] done in 259ms @ http://localhost:3100/_next/static/chunks/node_modules_next_dist_1ybzpk2._.js:2477
[ 1237290ms] [LOG] [Fast Refresh] rebuilding @ http://localhost:3100/_next/static/chunks/node_modules_next_dist_1ybzpk2._.js:2477
[ 1237345ms] [LOG] [Fast Refresh] done in 74ms @ http://localhost:3100/_next/static/chunks/node_modules_next_dist_1ybzpk2._.js:2477
[ 1246415ms] [LOG] [Fast Refresh] rebuilding @ http://localhost:3100/_next/static/chunks/node_modules_next_dist_1ybzpk2._.js:2477
[ 1246820ms] [LOG] [Fast Refresh] done in 472ms @ http://localhost:3100/_next/static/chunks/node_modules_next_dist_1ybzpk2._.js:2477
[ 1254278ms] [LOG] [Fast Refresh] rebuilding @ http://localhost:3100/_next/static/chunks/node_modules_next_dist_1ybzpk2._.js:2477
[ 1254312ms] [LOG] [Fast Refresh] done in 33ms @ http://localhost:3100/_next/static/chunks/node_modules_next_dist_1ybzpk2._.js:2477
[ 1265378ms] [LOG] [Fast Refresh] rebuilding @ http://localhost:3100/_next/static/chunks/node_modules_next_dist_1ybzpk2._.js:2477
[ 1265417ms] [LOG] [Fast Refresh] done in 29ms @ http://localhost:3100/_next/static/chunks/node_modules_next_dist_1ybzpk2._.js:2477
[ 1272966ms] [LOG] [Fast Refresh] rebuilding @ http://localhost:3100/_next/static/chunks/node_modules_next_dist_1ybzpk2._.js:2477
[ 1273002ms] [LOG] [Fast Refresh] done in 26ms @ http://localhost:3100/_next/static/chunks/node_modules_next_dist_1ybzpk2._.js:2477
[ 1282484ms] [LOG] [Fast Refresh] rebuilding @ http://localhost:3100/_next/static/chunks/node_modules_next_dist_1ybzpk2._.js:2477
[ 1282526ms] [LOG] [Fast Refresh] done in 54ms @ http://localhost:3100/_next/static/chunks/node_modules_next_dist_1ybzpk2._.js:2477
[ 1327585ms] [LOG] [Fast Refresh] rebuilding @ http://localhost:3100/_next/static/chunks/node_modules_next_dist_1ybzpk2._.js:2477
[ 1327666ms] [LOG] [Fast Refresh] done in 89ms @ http://localhost:3100/_next/static/chunks/node_modules_next_dist_1ybzpk2._.js:2477
[ 1349457ms] [LOG] [Fast Refresh] rebuilding @ http://localhost:3100/_next/static/chunks/node_modules_next_dist_1ybzpk2._.js:2477
[ 1349552ms] [LOG] [Fast Refresh] done in 133ms @ http://localhost:3100/_next/static/chunks/node_modules_next_dist_1ybzpk2._.js:2477
[ 1365471ms] [LOG] [Fast Refresh] rebuilding @ http://localhost:3100/_next/static/chunks/node_modules_next_dist_1ybzpk2._.js:2477
[ 1365548ms] [LOG] [Fast Refresh] done in 114ms @ http://localhost:3100/_next/static/chunks/node_modules_next_dist_1ybzpk2._.js:2477
[ 1371965ms] [LOG] [Fast Refresh] rebuilding @ http://localhost:3100/_next/static/chunks/node_modules_next_dist_1ybzpk2._.js:2477
[ 1372021ms] [LOG] [Fast Refresh] done in 26ms @ http://localhost:3100/_next/static/chunks/node_modules_next_dist_1ybzpk2._.js:2477
[ 1397735ms] [LOG] [Fast Refresh] rebuilding @ http://localhost:3100/_next/static/chunks/node_modules_next_dist_1ybzpk2._.js:2477
[ 1397790ms] [LOG] [Fast Refresh] done in 118ms @ http://localhost:3100/_next/static/chunks/node_modules_next_dist_1ybzpk2._.js:2477
[ 1458464ms] [LOG] [Fast Refresh] rebuilding @ http://localhost:3100/_next/static/chunks/node_modules_next_dist_1ybzpk2._.js:2477
[ 1459347ms] [LOG] [Fast Refresh] done in 956ms @ http://localhost:3100/_next/static/chunks/node_modules_next_dist_1ybzpk2._.js:2477
[ 1459548ms] [LOG] [Fast Refresh] rebuilding @ http://localhost:3100/_next/static/chunks/node_modules_next_dist_1ybzpk2._.js:2477
[ 1459595ms] [LOG] [Fast Refresh] done in 149ms @ http://localhost:3100/_next/static/chunks/node_modules_next_dist_1ybzpk2._.js:2477
[ 1517788ms] [LOG] [Fast Refresh] rebuilding @ http://localhost:3100/_next/static/chunks/node_modules_next_dist_1ybzpk2._.js:2477
[ 1517918ms] [LOG] [Fast Refresh] done in 204ms @ http://localhost:3100/_next/static/chunks/node_modules_next_dist_1ybzpk2._.js:2477
[ 1540905ms] [LOG] [Fast Refresh] rebuilding @ http://localhost:3100/_next/static/chunks/node_modules_next_dist_1ybzpk2._.js:2477
[ 1541035ms] [LOG] [Fast Refresh] done in 180ms @ http://localhost:3100/_next/static/chunks/node_modules_next_dist_1ybzpk2._.js:2477
[ 1541136ms] [LOG] [Fast Refresh] rebuilding @ http://localhost:3100/_next/static/chunks/node_modules_next_dist_1ybzpk2._.js:2477
[ 1541230ms] [LOG] [Fast Refresh] done in 196ms @ http://localhost:3100/_next/static/chunks/node_modules_next_dist_1ybzpk2._.js:2477
[ 1558540ms] [LOG] [Fast Refresh] rebuilding @ http://localhost:3100/_next/static/chunks/node_modules_next_dist_1ybzpk2._.js:2477
[ 1558552ms] [LOG] [Fast Refresh] done in 115ms @ http://localhost:3100/_next/static/chunks/node_modules_next_dist_1ybzpk2._.js:2477
[ 1594978ms] [LOG] [Fast Refresh] rebuilding @ http://localhost:3100/_next/static/chunks/node_modules_next_dist_1ybzpk2._.js:2477
[ 1595042ms] [LOG] [Fast Refresh] done in 118ms @ http://localhost:3100/_next/static/chunks/node_modules_next_dist_1ybzpk2._.js:2477
[ 1601848ms] [LOG] [Fast Refresh] rebuilding @ http://localhost:3100/_next/static/chunks/node_modules_next_dist_1ybzpk2._.js:2477
[ 1601892ms] [LOG] [Fast Refresh] done in 37ms @ http://localhost:3100/_next/static/chunks/node_modules_next_dist_1ybzpk2._.js:2477
