[     290ms] [INFO] %cDownload the React DevTools for a better development experience: https://react.dev/link/react-devtools font-weight:bold @ http://localhost:3100/_next/static/chunks/node_modules_next_dist_1ybzpk2._.js:2477
[     304ms] [LOG] [HMR] connected @ http://localhost:3100/_next/static/chunks/node_modules_next_dist_1ybzpk2._.js:2477
[     597ms] [LOG] [Fast Refresh] rebuilding @ http://localhost:3100/_next/static/chunks/node_modules_next_dist_1ybzpk2._.js:2477
[     648ms] [LOG] [Fast Refresh] done in 318ms @ http://localhost:3100/_next/static/chunks/node_modules_next_dist_1ybzpk2._.js:2477
[   16354ms] [LOG] [Fast Refresh] rebuilding @ http://localhost:3100/_next/static/chunks/node_modules_next_dist_1ybzpk2._.js:2477
[   16371ms] [LOG] [Fast Refresh] done in 118ms @ http://localhost:3100/_next/static/chunks/node_modules_next_dist_1ybzpk2._.js:2477
[   16701ms] [LOG] [Fast Refresh] rebuilding @ http://localhost:3100/_next/static/chunks/node_modules_next_dist_1ybzpk2._.js:2477
[   16728ms] [LOG] [Fast Refresh] done in 128ms @ http://localhost:3100/_next/static/chunks/node_modules_next_dist_1ybzpk2._.js:2477
[   17421ms] [LOG] [Fast Refresh] rebuilding @ http://localhost:3100/_next/static/chunks/node_modules_next_dist_1ybzpk2._.js:2477
[   17480ms] [LOG] [Fast Refresh] done in 161ms @ http://localhost:3100/_next/static/chunks/node_modules_next_dist_1ybzpk2._.js:2477
[   18724ms] [LOG] [Fast Refresh] rebuilding @ http://localhost:3100/_next/static/chunks/node_modules_next_dist_1ybzpk2._.js:2477
[   19338ms] [LOG] [Fast Refresh] done in 715ms @ http://localhost:3100/_next/static/chunks/node_modules_next_dist_1ybzpk2._.js:2477
[   19889ms] [LOG] [Fast Refresh] rebuilding @ http://localhost:3100/_next/static/chunks/node_modules_next_dist_1ybzpk2._.js:2477
[   20256ms] [LOG] [Fast Refresh] done in 468ms @ http://localhost:3100/_next/static/chunks/node_modules_next_dist_1ybzpk2._.js:2477
[   20809ms] [LOG] [Fast Refresh] rebuilding @ http://localhost:3100/_next/static/chunks/node_modules_next_dist_1ybzpk2._.js:2477
[   21213ms] [LOG] [Fast Refresh] done in 505ms @ http://localhost:3100/_next/static/chunks/node_modules_next_dist_1ybzpk2._.js:2477
[   21787ms] [LOG] [Fast Refresh] rebuilding @ http://localhost:3100/_next/static/chunks/node_modules_next_dist_1ybzpk2._.js:2477
[   22094ms] [LOG] [Fast Refresh] done in 408ms @ http://localhost:3100/_next/static/chunks/node_modules_next_dist_1ybzpk2._.js:2477
[   22671ms] [LOG] [Fast Refresh] rebuilding @ http://localhost:3100/_next/static/chunks/node_modules_next_dist_1ybzpk2._.js:2477
[   22930ms] [LOG] [Fast Refresh] done in 359ms @ http://localhost:3100/_next/static/chunks/node_modules_next_dist_1ybzpk2._.js:2477
[   26417ms] [WARNING] The resource http://localhost:3100/_next/static/chunks/%5Broot-of-the-server%5D__146d930._.css was preloaded using link preload but not used within a few seconds from the window's load event. Please make sure it has an appropriate `as` value and it is preloaded intentionally. @ http://localhost:3100/dashboard:0
[   45569ms] [LOG] [HMR] connected @ http://localhost:3100/_next/static/chunks/node_modules_next_dist_1ybzpk2._.js:2477
[   46691ms] [LOG] [HMR] connected @ http://localhost:3100/_next/static/chunks/node_modules_next_dist_1ybzpk2._.js:2477
[   47783ms] [LOG] [HMR] connected @ http://localhost:3100/_next/static/chunks/node_modules_next_dist_1ybzpk2._.js:2477
[   48114ms] [LOG] [Fast Refresh] rebuilding @ http://localhost:3100/_next/static/chunks/node_modules_next_dist_1ybzpk2._.js:2477
[   48114ms] [LOG] [Fast Refresh] rebuilding @ http://localhost:3100/_next/static/chunks/node_modules_next_dist_1ybzpk2._.js:2477
[   48410ms] [LOG] [Fast Refresh] done in 597ms @ http://localhost:3100/_next/static/chunks/node_modules_next_dist_1ybzpk2._.js:2477
[   48410ms] [LOG] [Fast Refresh] done in 597ms @ http://localhost:3100/_next/static/chunks/node_modules_next_dist_1ybzpk2._.js:2477
[   48975ms] [LOG] [HMR] connected @ http://localhost:3100/_next/static/chunks/node_modules_next_dist_1ybzpk2._.js:2477
[   49153ms] [LOG] [Fast Refresh] rebuilding @ http://localhost:3100/_next/static/chunks/node_modules_next_dist_1ybzpk2._.js:2477
[   49153ms] [LOG] [Fast Refresh] rebuilding @ http://localhost:3100/_next/static/chunks/node_modules_next_dist_1ybzpk2._.js:2477
[   49417ms] [LOG] [Fast Refresh] done in 383ms @ http://localhost:3100/_next/static/chunks/node_modules_next_dist_1ybzpk2._.js:2477
[   49417ms] [LOG] [Fast Refresh] done in 383ms @ http://localhost:3100/_next/static/chunks/node_modules_next_dist_1ybzpk2._.js:2477
[   50077ms] [LOG] [HMR] connected @ http://localhost:3100/_next/static/chunks/node_modules_next_dist_1ybzpk2._.js:2477
[   50201ms] [LOG] [Fast Refresh] rebuilding @ http://localhost:3100/_next/static/chunks/node_modules_next_dist_1ybzpk2._.js:2477
[   50201ms] [LOG] [Fast Refresh] rebuilding @ http://localhost:3100/_next/static/chunks/node_modules_next_dist_1ybzpk2._.js:2477
[   50287ms] [LOG] [Fast Refresh] done in 186ms @ http://localhost:3100/_next/static/chunks/node_modules_next_dist_1ybzpk2._.js:2477
[   50287ms] [LOG] [Fast Refresh] done in 186ms @ http://localhost:3100/_next/static/chunks/node_modules_next_dist_1ybzpk2._.js:2477
[   51358ms] [LOG] [HMR] connected @ http://localhost:3100/_next/static/chunks/node_modules_next_dist_1ybzpk2._.js:2477
[   52552ms] [LOG] [HMR] connected @ http://localhost:3100/_next/static/chunks/node_modules_next_dist_1ybzpk2._.js:2477
[   53678ms] [LOG] [HMR] connected @ http://localhost:3100/_next/static/chunks/node_modules_next_dist_1ybzpk2._.js:2477
[   53856ms] [LOG] [Fast Refresh] rebuilding @ http://localhost:3100/_next/static/chunks/node_modules_next_dist_1ybzpk2._.js:2477
[   53856ms] [LOG] [Fast Refresh] rebuilding @ http://localhost:3100/_next/static/chunks/node_modules_next_dist_1ybzpk2._.js:2477
[   53871ms] [LOG] [Fast Refresh] done in 152ms @ http://localhost:3100/_next/static/chunks/node_modules_next_dist_1ybzpk2._.js:2477
[   53871ms] [LOG] [Fast Refresh] done in 152ms @ http://localhost:3100/_next/static/chunks/node_modules_next_dist_1ybzpk2._.js:2477
[   54785ms] [LOG] [HMR] connected @ http://localhost:3100/_next/static/chunks/node_modules_next_dist_1ybzpk2._.js:2477
[   54933ms] [LOG] [Fast Refresh] rebuilding @ http://localhost:3100/_next/static/chunks/node_modules_next_dist_1ybzpk2._.js:2477
[   54933ms] [LOG] [Fast Refresh] rebuilding @ http://localhost:3100/_next/static/chunks/node_modules_next_dist_1ybzpk2._.js:2477
[   55025ms] [LOG] [Fast Refresh] done in 199ms @ http://localhost:3100/_next/static/chunks/node_modules_next_dist_1ybzpk2._.js:2477
[   55025ms] [LOG] [Fast Refresh] done in 199ms @ http://localhost:3100/_next/static/chunks/node_modules_next_dist_1ybzpk2._.js:2477
[   55902ms] [VERBOSE] [DOM] Input elements should have autocomplete attributes (suggested: "current-password"): (More info: https://goo.gl/9p2vKq) %o @ http://localhost:3100/admin/users:0
[   55904ms] [LOG] [HMR] connected @ http://localhost:3100/_next/static/chunks/node_modules_next_dist_1ybzpk2._.js:2477
[   56994ms] [LOG] [HMR] connected @ http://localhost:3100/_next/static/chunks/node_modules_next_dist_1ybzpk2._.js:2477
[   58069ms] [LOG] [HMR] connected @ http://localhost:3100/_next/static/chunks/node_modules_next_dist_1ybzpk2._.js:2477
[   59169ms] [LOG] [HMR] connected @ http://localhost:3100/_next/static/chunks/node_modules_next_dist_1ybzpk2._.js:2477
[   60491ms] [LOG] [HMR] connected @ http://localhost:3100/_next/static/chunks/node_modules_next_dist_1ybzpk2._.js:2477
[   60703ms] [LOG] [Fast Refresh] rebuilding @ http://localhost:3100/_next/static/chunks/node_modules_next_dist_1ybzpk2._.js:2477
[   60703ms] [LOG] [Fast Refresh] rebuilding @ http://localhost:3100/_next/static/chunks/node_modules_next_dist_1ybzpk2._.js:2477
[   60836ms] [LOG] [Fast Refresh] done in 244ms @ http://localhost:3100/_next/static/chunks/node_modules_next_dist_1ybzpk2._.js:2477
[   60836ms] [LOG] [Fast Refresh] done in 244ms @ http://localhost:3100/_next/static/chunks/node_modules_next_dist_1ybzpk2._.js:2477
[   61720ms] [LOG] [HMR] connected @ http://localhost:3100/_next/static/chunks/node_modules_next_dist_1ybzpk2._.js:2477
[   61954ms] [LOG] [Fast Refresh] rebuilding @ http://localhost:3100/_next/static/chunks/node_modules_next_dist_1ybzpk2._.js:2477
[   61955ms] [LOG] [Fast Refresh] rebuilding @ http://localhost:3100/_next/static/chunks/node_modules_next_dist_1ybzpk2._.js:2477
[   61992ms] [LOG] [Fast Refresh] done in 241ms @ http://localhost:3100/_next/static/chunks/node_modules_next_dist_1ybzpk2._.js:2477
[   61993ms] [LOG] [Fast Refresh] done in 241ms @ http://localhost:3100/_next/static/chunks/node_modules_next_dist_1ybzpk2._.js:2477
[   62868ms] [LOG] [HMR] connected @ http://localhost:3100/_next/static/chunks/node_modules_next_dist_1ybzpk2._.js:2477
[   63972ms] [LOG] [HMR] connected @ http://localhost:3100/_next/static/chunks/node_modules_next_dist_1ybzpk2._.js:2477
[   67877ms] [WARNING] The resource http://localhost:3100/_next/static/chunks/%5Broot-of-the-server%5D__146d930._.css was preloaded using link preload but not used within a few seconds from the window's load event. Please make sure it has an appropriate `as` value and it is preloaded intentionally. @ http://localhost:3100/dashboard:0
[  119846ms] [LOG] [Fast Refresh] rebuilding @ http://localhost:3100/_next/static/chunks/node_modules_next_dist_1ybzpk2._.js:2477
[  119863ms] [LOG] [Fast Refresh] done in 120ms @ http://localhost:3100/_next/static/chunks/node_modules_next_dist_1ybzpk2._.js:2477
[  174305ms] [ERROR] WebSocket connection to 'ws://localhost:3100/_next/webpack-hmr?id=5oeIaZOw21pxKB1gwQXi4' failed: Error in connection establishment: net::ERR_CONNECTION_REFUSED @ http://localhost:3100/_next/static/chunks/node_modules_next_dist_client_0r5nbpw._.js:13422
[  175309ms] [ERROR] WebSocket connection to 'ws://localhost:3100/_next/webpack-hmr?id=5oeIaZOw21pxKB1gwQXi4' failed: Error in connection establishment: net::ERR_CONNECTION_REFUSED @ http://localhost:3100/_next/static/chunks/node_modules_next_dist_client_0r5nbpw._.js:13422
[  176311ms] [ERROR] WebSocket connection to 'ws://localhost:3100/_next/webpack-hmr?id=5oeIaZOw21pxKB1gwQXi4' failed: Error in connection establishment: net::ERR_CONNECTION_REFUSED @ http://localhost:3100/_next/static/chunks/node_modules_next_dist_client_0r5nbpw._.js:13422
[  177313ms] [ERROR] WebSocket connection to 'ws://localhost:3100/_next/webpack-hmr?id=5oeIaZOw21pxKB1gwQXi4' failed: Error in connection establishment: net::ERR_CONNECTION_REFUSED @ http://localhost:3100/_next/static/chunks/node_modules_next_dist_client_0r5nbpw._.js:13422
[  178315ms] [ERROR] WebSocket connection to 'ws://localhost:3100/_next/webpack-hmr?id=5oeIaZOw21pxKB1gwQXi4' failed: Error in connection establishment: net::ERR_CONNECTION_REFUSED @ http://localhost:3100/_next/static/chunks/node_modules_next_dist_client_0r5nbpw._.js:13422
[  183319ms] [ERROR] WebSocket connection to 'ws://localhost:3100/_next/webpack-hmr?id=5oeIaZOw21pxKB1gwQXi4' failed: Error in connection establishment: net::ERR_CONNECTION_REFUSED @ http://localhost:3100/_next/static/chunks/node_modules_next_dist_client_0r5nbpw._.js:13422
[  188323ms] [ERROR] WebSocket connection to 'ws://localhost:3100/_next/webpack-hmr?id=5oeIaZOw21pxKB1gwQXi4' failed: Error in connection establishment: net::ERR_CONNECTION_REFUSED @ http://localhost:3100/_next/static/chunks/node_modules_next_dist_client_0r5nbpw._.js:13422
[  193329ms] [ERROR] WebSocket connection to 'ws://localhost:3100/_next/webpack-hmr?id=5oeIaZOw21pxKB1gwQXi4' failed: Error in connection establishment: net::ERR_CONNECTION_REFUSED @ http://localhost:3100/_next/static/chunks/node_modules_next_dist_client_0r5nbpw._.js:13422
[  198333ms] [ERROR] WebSocket connection to 'ws://localhost:3100/_next/webpack-hmr?id=5oeIaZOw21pxKB1gwQXi4' failed: Error in connection establishment: net::ERR_CONNECTION_REFUSED @ http://localhost:3100/_next/static/chunks/node_modules_next_dist_client_0r5nbpw._.js:13422
[  203337ms] [ERROR] WebSocket connection to 'ws://localhost:3100/_next/webpack-hmr?id=5oeIaZOw21pxKB1gwQXi4' failed: Error in connection establishment: net::ERR_CONNECTION_REFUSED @ http://localhost:3100/_next/static/chunks/node_modules_next_dist_client_0r5nbpw._.js:13422
[  208342ms] [ERROR] WebSocket connection to 'ws://localhost:3100/_next/webpack-hmr?id=5oeIaZOw21pxKB1gwQXi4' failed: Error in connection establishment: net::ERR_CONNECTION_REFUSED @ http://localhost:3100/_next/static/chunks/node_modules_next_dist_client_0r5nbpw._.js:13422
[  213346ms] [ERROR] WebSocket connection to 'ws://localhost:3100/_next/webpack-hmr?id=5oeIaZOw21pxKB1gwQXi4' failed: Error in connection establishment: net::ERR_CONNECTION_REFUSED @ http://localhost:3100/_next/static/chunks/node_modules_next_dist_client_0r5nbpw._.js:13422
